18-09-2019 09:15:17 - No se pudo realizar la conexión con el host 192.168.100.130, instancia con nombre maxpoint. Error: "java.net.SocketTimeoutException: Receive timed out". Verifique los nombres del servidor y de instancia, compruebe que no hay ningún firewall bloqueando el tráfico UDP al puerto 1434. Para SQL Server 2005 o posterior, verifique que el servicio SQL Server Browser se está ejecutando en el host.
18-09-2019 11:52:37 - No se pudo realizar la conexión con el host 192.168.100.130, instancia con nombre maxpoint. Error: "java.net.SocketTimeoutException: Receive timed out". Verifique los nombres del servidor y de instancia, compruebe que no hay ningún firewall bloqueando el tráfico UDP al puerto 1434. Para SQL Server 2005 o posterior, verifique que el servicio SQL Server Browser se está ejecutando en el host.
18-09-2019 11:52:51 - No se pudo realizar la conexión con el host 192.168.100.130, instancia con nombre maxpoint. Error: "java.net.SocketTimeoutException: Receive timed out". Verifique los nombres del servidor y de instancia, compruebe que no hay ningún firewall bloqueando el tráfico UDP al puerto 1434. Para SQL Server 2005 o posterior, verifique que el servicio SQL Server Browser se está ejecutando en el host.
18-09-2019 11:53:09 - No se pudo realizar la conexión con el host 192.168.100.130, instancia con nombre maxpoint. Error: "java.net.SocketTimeoutException: Receive timed out". Verifique los nombres del servidor y de instancia, compruebe que no hay ningún firewall bloqueando el tráfico UDP al puerto 1434. Para SQL Server 2005 o posterior, verifique que el servicio SQL Server Browser se está ejecutando en el host.
18-09-2019 11:53:23 - No se pudo realizar la conexión con el host 192.168.100.130, instancia con nombre maxpoint. Error: "java.net.SocketTimeoutException: Receive timed out". Verifique los nombres del servidor y de instancia, compruebe que no hay ningún firewall bloqueando el tráfico UDP al puerto 1434. Para SQL Server 2005 o posterior, verifique que el servicio SQL Server Browser se está ejecutando en el host.
18-09-2019 11:53:41 - No se pudo realizar la conexión con el host 192.168.100.130, instancia con nombre maxpoint. Error: "java.net.SocketTimeoutException: Receive timed out". Verifique los nombres del servidor y de instancia, compruebe que no hay ningún firewall bloqueando el tráfico UDP al puerto 1434. Para SQL Server 2005 o posterior, verifique que el servicio SQL Server Browser se está ejecutando en el host.
18-09-2019 11:53:56 - No se pudo realizar la conexión con el host 192.168.100.130, instancia con nombre maxpoint. Error: "java.net.SocketTimeoutException: Receive timed out". Verifique los nombres del servidor y de instancia, compruebe que no hay ningún firewall bloqueando el tráfico UDP al puerto 1434. Para SQL Server 2005 o posterior, verifique que el servicio SQL Server Browser se está ejecutando en el host.
18-09-2019 11:54:13 - No se pudo realizar la conexión con el host 192.168.100.130, instancia con nombre maxpoint. Error: "java.net.SocketTimeoutException: Receive timed out". Verifique los nombres del servidor y de instancia, compruebe que no hay ningún firewall bloqueando el tráfico UDP al puerto 1434. Para SQL Server 2005 o posterior, verifique que el servicio SQL Server Browser se está ejecutando en el host.
18-09-2019 11:54:28 - No se pudo realizar la conexión con el host 192.168.100.130, instancia con nombre maxpoint. Error: "java.net.SocketTimeoutException: Receive timed out". Verifique los nombres del servidor y de instancia, compruebe que no hay ningún firewall bloqueando el tráfico UDP al puerto 1434. Para SQL Server 2005 o posterior, verifique que el servicio SQL Server Browser se está ejecutando en el host.
18-09-2019 11:54:45 - No se pudo realizar la conexión con el host 192.168.100.130, instancia con nombre maxpoint. Error: "java.net.SocketTimeoutException: Receive timed out". Verifique los nombres del servidor y de instancia, compruebe que no hay ningún firewall bloqueando el tráfico UDP al puerto 1434. Para SQL Server 2005 o posterior, verifique que el servicio SQL Server Browser se está ejecutando en el host.
18-09-2019 11:55:00 - No se pudo realizar la conexión con el host 192.168.100.130, instancia con nombre maxpoint. Error: "java.net.SocketTimeoutException: Receive timed out". Verifique los nombres del servidor y de instancia, compruebe que no hay ningún firewall bloqueando el tráfico UDP al puerto 1434. Para SQL Server 2005 o posterior, verifique que el servicio SQL Server Browser se está ejecutando en el host.
18-09-2019 11:55:17 - No se pudo realizar la conexión con el host 192.168.100.130, instancia con nombre maxpoint. Error: "java.net.SocketTimeoutException: Receive timed out". Verifique los nombres del servidor y de instancia, compruebe que no hay ningún firewall bloqueando el tráfico UDP al puerto 1434. Para SQL Server 2005 o posterior, verifique que el servicio SQL Server Browser se está ejecutando en el host.
18-09-2019 11:55:32 - No se pudo realizar la conexión con el host 192.168.100.130, instancia con nombre maxpoint. Error: "java.net.SocketTimeoutException: Receive timed out". Verifique los nombres del servidor y de instancia, compruebe que no hay ningún firewall bloqueando el tráfico UDP al puerto 1434. Para SQL Server 2005 o posterior, verifique que el servicio SQL Server Browser se está ejecutando en el host.
18-09-2019 11:55:49 - No se pudo realizar la conexión con el host 192.168.100.130, instancia con nombre maxpoint. Error: "java.net.SocketTimeoutException: Receive timed out". Verifique los nombres del servidor y de instancia, compruebe que no hay ningún firewall bloqueando el tráfico UDP al puerto 1434. Para SQL Server 2005 o posterior, verifique que el servicio SQL Server Browser se está ejecutando en el host.
18-09-2019 11:56:04 - No se pudo realizar la conexión con el host 192.168.100.130, instancia con nombre maxpoint. Error: "java.net.SocketTimeoutException: Receive timed out". Verifique los nombres del servidor y de instancia, compruebe que no hay ningún firewall bloqueando el tráfico UDP al puerto 1434. Para SQL Server 2005 o posterior, verifique que el servicio SQL Server Browser se está ejecutando en el host.
18-09-2019 11:56:21 - No se pudo realizar la conexión con el host 192.168.100.130, instancia con nombre maxpoint. Error: "java.net.SocketTimeoutException: Receive timed out". Verifique los nombres del servidor y de instancia, compruebe que no hay ningún firewall bloqueando el tráfico UDP al puerto 1434. Para SQL Server 2005 o posterior, verifique que el servicio SQL Server Browser se está ejecutando en el host.
18-09-2019 15:41:08 - SERVICIO TARJETA INICIADO
18-09-2019 15:42:11 - SERVICIO TARJETA INICIADO
18-09-2019 15:45:01 - SERVICIO TARJETA INICIADO
18-09-2019 16:14:03 - ################################################################
18-09-2019 16:14:03 - Inicia proceso cobro con tarjeta
18-09-2019 16:14:03 - Procesando ID Canal Movimineto :B647953C-59DA-E911-8069-D4AE52BC2CFD
18-09-2019 16:14:03 - Actualiza estado de Canal Moviminetos 61 :B647953C-59DA-E911-8069-D4AE52BC2CFD
18-09-2019 16:14:03 - No hay registros en SWT_Requerimiento_Autorizacion pendientes (No insertado por MXP)
18-09-2019 16:14:03 - Actualizar a estado 42 ID: B647953C-59DA-E911-8069-D4AE52BC2CFD
18-09-2019 16:14:03 - Fin proceso cobro con tarjeta
18-09-2019 16:16:27 - SERVICIO TARJETA INICIADO
18-09-2019 16:17:16 - ################################################################
18-09-2019 16:17:16 - Inicia proceso cobro con tarjeta
18-09-2019 16:17:16 - Procesando ID Canal Movimineto :0B8D6D23-8C39-40D1-94A7-F7CCE1B219DA
18-09-2019 16:17:16 - Actualiza estado de Canal Moviminetos 61 :0B8D6D23-8C39-40D1-94A7-F7CCE1B219DA
18-09-2019 16:17:16 - Movimieto: E024F000176959
18-09-2019 16:17:16 - Tipo de transaccion:ENVIO CON BANDA.MAGNETICA
18-09-2019 16:17:16 - Actualiza estado de Requerimineto 61 :74185
18-09-2019 16:17:16 - Secuencia para validar dispositivo conectado: ninguna
18-09-2019 16:17:16 - Estado de conexion dispositivo: true
18-09-2019 16:17:16 - Entra a funcion para validar trama
18-09-2019 16:17:16 - Trama de requerimineto longitud CORRECTA
18-09-2019 16:17:17 - Secuencia de Transaccion y trama: ufs5WyU/EcW5q71yc+8+K7q7A42ovafSObVvoWD444WSyojKhCvEpzheAsowB34rXwAf4EUIg+Ng2y/LJ/oqJO7SvTYgJLjU+zJuuEpcb55V4OuH8HAmhRWnajeswtDgG1gIkZb6n6GVko9ic8rGjGzVftraGhGLPZk4NimN4spul1gUFHJkEfu80jsEoXDmY8Tn9jTwXHQ1enLmQy+sXrzVZAic8ukrDhWFeeWAcGceH/c+kryyULzVZAic8ukrvNVkCJzy6St6yFgyDCJqLmgEVLm1r7r6aARUubWvuvpoBFS5ta+6+mgEVLm1r7r62TnUHpgeRZOq6m8F9wlCOSb/CiumXqE7IjpmDxxo3D4+vUimzW8C0NdNwhvV2D8g9xbvPdr9UJcFqPgo2ME4fO7+pGrhPj/Ny7R+lIf6Cjm425LLq+su9tQ18uK5gFlEgibPJn3mUNXAx/MdFgsLgsr/2dSmECpHiVDv+hPhoVgwgGOouJ4Uy2gEVLm1r7r6aARUubWvuvpoBFS5ta+6+mgEVLm1r7r6LUMrgAUfVucbc8c3sJvwiQ==
18-09-2019 16:17:17 - ENTRO a ejecucion del metodo envio con transaccion tipo: ENVIO 
18-09-2019 16:17:22 - metodo envio con transaccion tipo: ENVIO  EJECUTADO
18-09-2019 16:17:22 - Respuesta obtenida (Trama): xK3qtTs5pzS3YW+kY8VdLb4ld9r3/mk73efKQhqtBbv2oXzRfNXjIvpE+rC5sIzXr7hGb6UytK/Ik3QrVWdcumgEVLm1r7r6aARUubWvuvpoBFS5ta+6+mgEVLm1r7r6aARUubWvuvpoBFS5ta+6+mgEVLm1r7r6aARUubWvuvpoBFS5ta+6+mgEVLm1r7r6aARUubWvuvpoBFS5ta+6+v0v4IuLXO2Arfvp/C8rGghoBFS5ta+6+mgEVLm1r7r6aARUubWvuvpoBFS5ta+6+mgEVLm1r7r6nkjMxPUPVuyfQY9VW/+CuDgxYVCq7CXgaARUubWvuvpoBFS5ta+6+mgEVLm1r7r6aARUubWvuvpoBFS5ta+6+izyWsO2/mNGx1yP2jkH0aivkvXJ0PNU5vQEk15MkwNBSvPJ8WYZ03loBFS5ta+6+mgEVLm1r7r6M/699J8TABvnB04c06ZYrU8YtNq6GtCEaARUubWvuvpoBFS5ta+6+jjLqzYYOn2T
18-09-2019 16:17:22 - [Mensaje de respuesta]  Codigo:  02, Mensaje:  CONSULTE EMISOR ,   Secuencia:  INSERTAR 
18-09-2019 16:17:22 - Procesando respuesta obtenida.
18-09-2019 16:17:22 - Entra a funcion Validar trama de respuesta del Switch.
18-09-2019 16:17:22 - Trama de respuesta del Switch longitud OK
18-09-2019 16:17:22 - Insertando respuesta en BD.
18-09-2019 16:17:22 - Respuesta insertada en BD
18-09-2019 16:17:22 - Actualizar a estado 42 ID: 0B8D6D23-8C39-40D1-94A7-F7CCE1B219DA
18-09-2019 16:17:22 - Fin proceso cobro con tarjeta
18-09-2019 16:19:11 - ################################################################
18-09-2019 16:19:11 - Inicia proceso cobro con tarjeta
18-09-2019 16:19:11 - Procesando ID Canal Movimineto :AB4F87B4-1344-4E18-8D3C-A3D22AFE2C3B
18-09-2019 16:19:11 - Actualiza estado de Canal Moviminetos 61 :AB4F87B4-1344-4E18-8D3C-A3D22AFE2C3B
18-09-2019 16:19:11 - Movimieto: E024F000176959
18-09-2019 16:19:11 - Tipo de transaccion:ENVIO CON BANDA.MAGNETICA
18-09-2019 16:19:11 - Actualiza estado de Requerimineto 61 :74186
18-09-2019 16:19:11 - Secuencia para validar dispositivo conectado: ninguna
18-09-2019 16:19:11 - Estado de conexion dispositivo: true
18-09-2019 16:19:11 - Entra a funcion para validar trama
18-09-2019 16:19:11 - Trama de requerimineto longitud CORRECTA
18-09-2019 16:19:11 - Secuencia de Transaccion y trama: ufs5WyU/EcW5q71yc+8+K7q7A42ovafSObVvoWD444WSyojKhCvEpzheAsowB34rXwAf4EUIg+Ng2y/LJ/oqJO7SvTYgJLjU+zJuuEpcb55V4OuH8HAmhRWnajeswtDgG1gIkZb6n6GVko9ic8rGjGzVftraGhGLPZk4NimN4spul1gUFHJkEfu80jsEoXDmY8Tn9jTwXHQ1enLmQy+sXrzVZAic8ukrDhWFeeWAcGceH/c+kryyULzVZAic8ukrvNVkCJzy6St6yFgyDCJqLmgEVLm1r7r6aARUubWvuvpoBFS5ta+6+mgEVLm1r7r62TnUHpgeRZNhkNpd7TNENyb/CiumXqE7IjpmDxxo3D4+vUimzW8C0NdNwhvV2D8g9xbvPdr9UJcFqPgo2ME4fO7+pGrhPj/Ny7R+lIf6Cjm425LLq+su9tQ18uK5gFlEgibPJn3mUNXAx/MdFgsLgsr/2dSmECpHiVDv+hPhoVgwgGOouJ4Uy2gEVLm1r7r6aARUubWvuvpoBFS5ta+6+mgEVLm1r7r6LUMrgAUfVucbc8c3sJvwiQ==
18-09-2019 16:19:11 - ENTRO a ejecucion del metodo envio con transaccion tipo: ENVIO 
18-09-2019 16:19:14 - metodo envio con transaccion tipo: ENVIO  EJECUTADO
18-09-2019 16:19:14 - Respuesta obtenida (Trama): G3PHN7Cb8Ik=
18-09-2019 16:19:14 - Insertando respuesta en BD.
18-09-2019 16:19:14 - Respuesta insertada en BD
18-09-2019 16:19:14 - ------------Exception:  String index out of range: 4
18-09-2019 16:19:14 - Fin proceso cobro con tarjeta
18-09-2019 16:20:21 - ################################################################
18-09-2019 16:20:21 - Inicia proceso cobro con tarjeta
18-09-2019 16:20:21 - Procesando ID Canal Movimineto :0686A203-C69C-419A-A9EF-CA4ED30D42FB
18-09-2019 16:20:21 - Actualiza estado de Canal Moviminetos 61 :0686A203-C69C-419A-A9EF-CA4ED30D42FB
18-09-2019 16:20:21 - Movimieto: E024F000176959
18-09-2019 16:20:21 - Tipo de transaccion:REVERSO CON BANDA.MAGNETICA
18-09-2019 16:20:21 - Actualiza estado de Requerimineto 61 :74187
18-09-2019 16:20:21 - Secuencia para validar dispositivo conectado: ninguna
18-09-2019 16:20:21 - Estado de conexion dispositivo: true
18-09-2019 16:20:21 - Entra a funcion para validar trama
18-09-2019 16:20:21 - Trama de requerimineto longitud CORRECTA
18-09-2019 16:20:21 - Secuencia de Transaccion y trama: ufs5WyU/EcW5q71yc+8+K7q7A42ovafSObVvoWD444WSyojKhCvEpzheAsowB34rXwAf4EUIg+Ng2y/LJ/oqJO7SvTYgJLjU+zJuuEpcb55V4OuH8HAmhRWnajeswtDgG1gIkZb6n6HbzSrrUhQp42zVftraGhGLPZk4NimN4spul1gUFHJkEfu80jsEoXDmY8Tn9jTwXHQ1enLmQy+sXrzVZAic8ukrDhWFeeWAcGceH/c+kryyULzVZAic8ukrvNVkCJzy6St6yFgyDCJqLmgEVLm1r7r6aARUubWvuvpoBFS5ta+6+mgEVLm1r7r62TnUHpgeRZNhkNpd7TNENyb/CiumXqE7IjpmDxxo3D4+vUimzW8C0NdNwhvV2D8g9xbvPdr9UJcFqPgo2ME4fO7+pGrhPj/Ny7R+lIf6Cjm425LLq+su9tQ18uK5gFlEgibPJn3mUNXAx/MdFgsLgsr/2dSmECpHiVDv+hPhoVgwgGOouJ4Uy2gEVLm1r7r6aARUubWvuvpoBFS5ta+6+mgEVLm1r7r6LUMrgAUfVucbc8c3sJvwiQ==
18-09-2019 16:20:21 - ENTRO a ejecucion del metodo envio con transaccion tipo: REVERSO 
18-09-2019 16:20:26 - metodo envio con transaccion tipo: REVERSO  EJECUTADO
18-09-2019 16:20:26 - Respuesta obtenida (Trama): jX2bHfplAENJD4ZYAZsBSGgEVLm1r7r6Tlt/xsm/9f6RXcgl2nfDKPpE+rC5sIzXr7hGb6UytK/Ik3QrVWdcumgEVLm1r7r6aARUubWvuvpoBFS5ta+6+mgEVLm1r7r6aARUubWvuvpoBFS5ta+6+mgEVLm1r7r6aARUubWvuvpoBFS5ta+6+mgEVLm1r7r6aARUubWvuvpoBFS5ta+6+mgEVLm1r7r6aARUubWvuvpoBFS5ta+6+mgEVLm1r7r6aARUubWvuvpoBFS5ta+6+mgEVLm1r7r6aARUubWvuvpoBFS5ta+6+mgEVLm1r7r6aARUubWvuvpoBFS5ta+6+mgEVLm1r7r6aARUubWvuvpoBFS5ta+6+mgEVLm1r7r6aARUubWvuvpoBFS5ta+6+gWZ56PEUtIqSvPJ8WYZ03loBFS5ta+6+mgEVLm1r7r6M/699J8TABvnB04c06ZYrU8YtNq6GtCEaARUubWvuvpoBFS5ta+6+jjLqzYYOn2T
18-09-2019 16:20:26 - [Mensaje de respuesta]  Codigo:  00, Mensaje:  Transaccion Aprobada Banda Magnetica ,   Secuencia:  APROBADA 
18-09-2019 16:20:26 - Procesando respuesta obtenida.
18-09-2019 16:20:26 - Entra a funcion Validar trama de respuesta del Switch.
18-09-2019 16:20:26 - Trama de respuesta del Switch longitud OK
18-09-2019 16:20:26 - Insertando respuesta en BD.
18-09-2019 16:20:26 - Respuesta insertada en BD
18-09-2019 16:20:26 - Actualizar a estado 42 ID: 0686A203-C69C-419A-A9EF-CA4ED30D42FB
18-09-2019 16:20:26 - Fin proceso cobro con tarjeta
